<?xml version="1.0" encoding="UTF-8"?>
<testng-results skipped="0" failed="0" ignored="0" total="2" passed="2">
  <reporter-output>
  </reporter-output>
  <suite name="Suite" duration-ms="23122" started-at="2018-01-30T08:19:46Z" finished-at="2018-01-30T08:20:09Z">
    <groups>
    </groups>
    <test name="Test" duration-ms="23122" started-at="2018-01-30T08:19:46Z" finished-at="2018-01-30T08:20:09Z">
      <class name="ProjLoginLogout.ProjLoginLogout.JiraAppTest">
        <test-method status="PASS" signature="beforeMethod()[pri:0, instance:ProjLoginLogout.ProjLoginLogout.JiraAppTest@2e32ccc5]" name="beforeMethod" is-config="true" duration-ms="33" started-at="2018-01-30T13:49:46Z" finished-at="2018-01-30T13:49:46Z">
          <reporter-output>
          </reporter-output>
        </test-method> <!-- beforeMethod -->
        <test-method status="PASS" signature="JiraAppLogin()[pri:0, instance:ProjLoginLogout.ProjLoginLogout.JiraAppTest@2e32ccc5]" name="JiraAppLogin" duration-ms="998" started-at="2018-01-30T13:49:46Z" finished-at="2018-01-30T13:49:47Z">
          <reporter-output>
          </reporter-output>
        </test-method> <!-- JiraAppLogin -->
        <test-method status="PASS" signature="JiraApplogout()[pri:1, instance:ProjLoginLogout.ProjLoginLogout.JiraAppTest@2e32ccc5]" name="JiraApplogout" duration-ms="22086" started-at="2018-01-30T13:49:47Z" finished-at="2018-01-30T13:50:09Z">
          <reporter-output>
          </reporter-output>
        </test-method> <!-- JiraApplogout -->
        <test-method status="PASS" signature="afterMethod()[pri:0, instance:ProjLoginLogout.ProjLoginLogout.JiraAppTest@2e32ccc5]" name="afterMethod" is-config="true" duration-ms="2" started-at="2018-01-30T13:50:09Z" finished-at="2018-01-30T13:50:09Z">
          <reporter-output>
          </reporter-output>
        </test-method> <!-- afterMethod -->
      </class> <!-- ProjLoginLogout.ProjLoginLogout.JiraAppTest -->
    </test> <!-- Test -->
  </suite> <!-- Suite -->
</testng-results>
