<?xml version="1.0" encoding="UTF-8"?>
<testsuite name="Test"
           tests="4"
           failures="0"
           errors="0"
           skipped="0"
           time="0.004">
  <properties />
  
  
            <testcase name="ACK_02" time="0.001" classname="Wire_Scenario.runJOB_acknowledgemenprocessor" />
                <testcase name="ACK_01" time="0.001" classname="Wire_Scenario.runJOB_acknowledgemenprocessor" />
                <testcase name="ACK_03" time="0.001" classname="Wire_Scenario.runJOB_acknowledgemenprocessor" />
                <testcase name="ACK_04" time="0.001" classname="Wire_Scenario.runJOB_acknowledgemenprocessor" />
      
</testsuite>
